<?xml version="1.0" encoding="UTF-8"?>
<testsuite xmlns:xsi="http://www.w3.org/2001/XMLSchema-instance" xsi:noNamespaceSchemaLocation="https://maven.apache.org/surefire/maven-surefire-plugin/xsd/surefire-test-report.xsd" version="3.0.2" name="tests.CheckoutTest" time="8.482" tests="5" errors="3" skipped="0" failures="0">
  <properties>
[...]
</properties>
  <testcase name="checkoutWithoutLastName" classname="tests.CheckoutTest" time="1.922"/>
  <testcase name="checkoutProcess" classname="tests.CheckoutTest" time="1.614">
    <error message="element not interactable&#10;  (Session info: chrome=144.0.7559.97)&#10;Build info: version: &apos;4.40.0&apos;, revision: &apos;b3333f1&apos;&#10;System info: os.name: &apos;Mac OS X&apos;, os.arch: &apos;aarch64&apos;, os.version: &apos;26.2&apos;, java.version: &apos;25.0.1&apos;&#10;Driver info: org.openqa.selenium.chrome.ChromeDriver&#10;Command: [e9900347a676cd80a93061cf79b02a96, sendKeysToElement {value=[Ljava.lang.CharSequence;@105ebdf4, id=f.E28C81EA4BABBB41B1A5897A18E485C6.d.83156CCD395696382AA42651113F670F.e.36}]&#10;Capabilities {acceptInsecureCerts: false, browserName: chrome, browserVersion: 144.0.7559.97, chrome: {chromedriverVersion: 144.0.7559.96 (d7b80622cfab..., userDataDir: /var/folders/qc/fzrd746j28g...}, fedcm:accounts: true, goog:chromeOptions: {debuggerAddress: localhost:50290}, goog:processID: 4979, networkConnectionEnabled: false, pageLoadStrategy: normal, platformName: mac, proxy: Proxy(), se:cdp: ws://localhost:50290/devtoo..., se:cdpVersion: 144.0.7559.97, setWindowRect: true, strictFileInteractability: false, timeouts: {implicit: 0, pageLoad: 300000, script: 30000}, unhandledPromptBehavior: dismiss and notify, webauthn:extension:credBlob: true, webauthn:extension:largeBlob: true, webauthn:extension:minPinLength: true, webauthn:extension:prf: true, webauthn:virtualAuthenticators: true}&#10;Element: [[ChromeDriver: chrome on mac (e9900347a676cd80a93061cf79b02a96)] -&gt; xpath: //input[@data-test=&apos;firstName&apos;]]&#10;Session ID: e9900347a676cd80a93061cf79b02a96" type="org.openqa.selenium.ElementNotInteractableException"><![CDATA[org.openqa.selenium.ElementNotInteractableException: 
element not interactable
  (Session info: chrome=144.0.7559.97)
Build info: version: '4.40.0', revision: 'b3333f1'
System info: os.name: 'Mac OS X', os.arch: 'aarch64', os.version: '26.2', java.version: '25.0.1'
Driver info: org.openqa.selenium.chrome.ChromeDriver
Command: [e9900347a676cd80a93061cf79b02a96, sendKeysToElement {value=[Ljava.lang.CharSequence;@105ebdf4, id=f.E28C81EA4BABBB41B1A5897A18E485C6.d.83156CCD395696382AA42651113F670F.e.36}]
Capabilities {acceptInsecureCerts: false, browserName: chrome, browserVersion: 144.0.7559.97, chrome: {chromedriverVersion: 144.0.7559.96 (d7b80622cfab..., userDataDir: /var/folders/qc/fzrd746j28g...}, fedcm:accounts: true, goog:chromeOptions: {debuggerAddress: localhost:50290}, goog:processID: 4979, networkConnectionEnabled: false, pageLoadStrategy: normal, platformName: mac, proxy: Proxy(), se:cdp: ws://localhost:50290/devtoo..., se:cdpVersion: 144.0.7559.97, setWindowRect: true, strictFileInteractability: false, timeouts: {implicit: 0, pageLoad: 300000, script: 30000}, unhandledPromptBehavior: dismiss and notify, webauthn:extension:credBlob: true, webauthn:extension:largeBlob: true, webauthn:extension:minPinLength: true, webauthn:extension:prf: true, webauthn:virtualAuthenticators: true}
Element: [[ChromeDriver: chrome on mac (e9900347a676cd80a93061cf79b02a96)] -> xpath: //input[@data-test='firstName']]
Session ID: e9900347a676cd80a93061cf79b02a96
	at org.openqa.selenium.remote.ErrorCodec.decode(ErrorCodec.java:169)
	at org.openqa.selenium.remote.codec.w3c.W3CHttpResponseCodec.decode(W3CHttpResponseCodec.java:142)
	at org.openqa.selenium.remote.codec.w3c.W3CHttpResponseCodec.decode(W3CHttpResponseCodec.java:49)
	at org.openqa.selenium.remote.HttpCommandExecutor.execute(HttpCommandExecutor.java:223)
	at org.openqa.selenium.remote.service.DriverCommandExecutor.invokeExecute(DriverCommandExecutor.java:216)
	at org.openqa.selenium.remote.service.DriverCommandExecutor.execute(DriverCommandExecutor.java:174)
	at org.openqa.selenium.remote.RemoteWebDriver.execute(RemoteWebDriver.java:601)
	at org.openqa.selenium.remote.RemoteWebElement.execute(RemoteWebElement.java:223)
	at org.openqa.selenium.remote.RemoteWebElement.sendKeys(RemoteWebElement.java:110)
	at pages.BillingInfoPage.enterFirstName(BillingInfoPage.java:23)
	at tests.CheckoutTest.checkoutProcess(CheckoutTest.java:160)
]]></error>
  </testcase>
  <testcase name="addProductToCart" classname="tests.CheckoutTest" time="1.661"/>
  <testcase name="checkoutWithoutFirstName" classname="tests.CheckoutTest" time="1.679">
    <error message="element not interactable&#10;  (Session info: chrome=144.0.7559.97)&#10;Build info: version: &apos;4.40.0&apos;, revision: &apos;b3333f1&apos;&#10;System info: os.name: &apos;Mac OS X&apos;, os.arch: &apos;aarch64&apos;, os.version: &apos;26.2&apos;, java.version: &apos;25.0.1&apos;&#10;Driver info: org.openqa.selenium.chrome.ChromeDriver&#10;Command: [3a78fe019f7b56aee1bc4cec495e88c3, sendKeysToElement {value=[Ljava.lang.CharSequence;@7d9f7ae9, id=f.3FC5FBCFDBB8FDE95D2CC3D2A28FD1CA.d.44BFB1429FE65E15F18867E5587C124F.e.36}]&#10;Capabilities {acceptInsecureCerts: false, browserName: chrome, browserVersion: 144.0.7559.97, chrome: {chromedriverVersion: 144.0.7559.96 (d7b80622cfab..., userDataDir: /var/folders/qc/fzrd746j28g...}, fedcm:accounts: true, goog:chromeOptions: {debuggerAddress: localhost:50337}, goog:processID: 5063, networkConnectionEnabled: false, pageLoadStrategy: normal, platformName: mac, proxy: Proxy(), se:cdp: ws://localhost:50337/devtoo..., se:cdpVersion: 144.0.7559.97, setWindowRect: true, strictFileInteractability: false, timeouts: {implicit: 0, pageLoad: 300000, script: 30000}, unhandledPromptBehavior: dismiss and notify, webauthn:extension:credBlob: true, webauthn:extension:largeBlob: true, webauthn:extension:minPinLength: true, webauthn:extension:prf: true, webauthn:virtualAuthenticators: true}&#10;Element: [[ChromeDriver: chrome on mac (3a78fe019f7b56aee1bc4cec495e88c3)] -&gt; xpath: //input[@data-test=&apos;lastName&apos;]]&#10;Session ID: 3a78fe019f7b56aee1bc4cec495e88c3" type="org.openqa.selenium.ElementNotInteractableException"><![CDATA[org.openqa.selenium.ElementNotInteractableException: 
element not interactable
  (Session info: chrome=144.0.7559.97)
Build info: version: '4.40.0', revision: 'b3333f1'
System info: os.name: 'Mac OS X', os.arch: 'aarch64', os.version: '26.2', java.version: '25.0.1'
Driver info: org.openqa.selenium.chrome.ChromeDriver
Command: [3a78fe019f7b56aee1bc4cec495e88c3, sendKeysToElement {value=[Ljava.lang.CharSequence;@7d9f7ae9, id=f.3FC5FBCFDBB8FDE95D2CC3D2A28FD1CA.d.44BFB1429FE65E15F18867E5587C124F.e.36}]
Capabilities {acceptInsecureCerts: false, browserName: chrome, browserVersion: 144.0.7559.97, chrome: {chromedriverVersion: 144.0.7559.96 (d7b80622cfab..., userDataDir: /var/folders/qc/fzrd746j28g...}, fedcm:accounts: true, goog:chromeOptions: {debuggerAddress: localhost:50337}, goog:processID: 5063, networkConnectionEnabled: false, pageLoadStrategy: normal, platformName: mac, proxy: Proxy(), se:cdp: ws://localhost:50337/devtoo..., se:cdpVersion: 144.0.7559.97, setWindowRect: true, strictFileInteractability: false, timeouts: {implicit: 0, pageLoad: 300000, script: 30000}, unhandledPromptBehavior: dismiss and notify, webauthn:extension:credBlob: true, webauthn:extension:largeBlob: true, webauthn:extension:minPinLength: true, webauthn:extension:prf: true, webauthn:virtualAuthenticators: true}
Element: [[ChromeDriver: chrome on mac (3a78fe019f7b56aee1bc4cec495e88c3)] -> xpath: //input[@data-test='lastName']]
Session ID: 3a78fe019f7b56aee1bc4cec495e88c3
	at org.openqa.selenium.remote.ErrorCodec.decode(ErrorCodec.java:169)
	at org.openqa.selenium.remote.codec.w3c.W3CHttpResponseCodec.decode(W3CHttpResponseCodec.java:142)
	at org.openqa.selenium.remote.codec.w3c.W3CHttpResponseCodec.decode(W3CHttpResponseCodec.java:49)
	at org.openqa.selenium.remote.HttpCommandExecutor.execute(HttpCommandExecutor.java:223)
	at org.openqa.selenium.remote.service.DriverCommandExecutor.invokeExecute(DriverCommandExecutor.java:216)
	at org.openqa.selenium.remote.service.DriverCommandExecutor.execute(DriverCommandExecutor.java:174)
	at org.openqa.selenium.remote.RemoteWebDriver.execute(RemoteWebDriver.java:601)
	at org.openqa.selenium.remote.RemoteWebElement.execute(RemoteWebElement.java:223)
	at org.openqa.selenium.remote.RemoteWebElement.sendKeys(RemoteWebElement.java:110)
	at pages.BillingInfoPage.enterLastName(BillingInfoPage.java:27)
	at tests.CheckoutTest.checkoutWithoutFirstName(CheckoutTest.java:77)
]]></error>
  </testcase>
  <testcase name="checkoutWithoutPostalCode" classname="tests.CheckoutTest" time="1.596">
    <error message="element not interactable&#10;  (Session info: chrome=144.0.7559.97)&#10;Build info: version: &apos;4.40.0&apos;, revision: &apos;b3333f1&apos;&#10;System info: os.name: &apos;Mac OS X&apos;, os.arch: &apos;aarch64&apos;, os.version: &apos;26.2&apos;, java.version: &apos;25.0.1&apos;&#10;Driver info: org.openqa.selenium.chrome.ChromeDriver&#10;Command: [f1c4a572b9d49fc0c53e4b58339abf03, sendKeysToElement {value=[Ljava.lang.CharSequence;@55ced817, id=f.A7E1514F801BEA131FFFF5C682F53FB2.d.74957D819AF3841EC9C40A80BFD3BB3D.e.36}]&#10;Capabilities {acceptInsecureCerts: false, browserName: chrome, browserVersion: 144.0.7559.97, chrome: {chromedriverVersion: 144.0.7559.96 (d7b80622cfab..., userDataDir: /var/folders/qc/fzrd746j28g...}, fedcm:accounts: true, goog:chromeOptions: {debuggerAddress: localhost:50358}, goog:processID: 5105, networkConnectionEnabled: false, pageLoadStrategy: normal, platformName: mac, proxy: Proxy(), se:cdp: ws://localhost:50358/devtoo..., se:cdpVersion: 144.0.7559.97, setWindowRect: true, strictFileInteractability: false, timeouts: {implicit: 0, pageLoad: 300000, script: 30000}, unhandledPromptBehavior: dismiss and notify, webauthn:extension:credBlob: true, webauthn:extension:largeBlob: true, webauthn:extension:minPinLength: true, webauthn:extension:prf: true, webauthn:virtualAuthenticators: true}&#10;Element: [[ChromeDriver: chrome on mac (f1c4a572b9d49fc0c53e4b58339abf03)] -&gt; xpath: //input[@data-test=&apos;firstName&apos;]]&#10;Session ID: f1c4a572b9d49fc0c53e4b58339abf03" type="org.openqa.selenium.ElementNotInteractableException"><![CDATA[org.openqa.selenium.ElementNotInteractableException: 
element not interactable
  (Session info: chrome=144.0.7559.97)
Build info: version: '4.40.0', revision: 'b3333f1'
System info: os.name: 'Mac OS X', os.arch: 'aarch64', os.version: '26.2', java.version: '25.0.1'
Driver info: org.openqa.selenium.chrome.ChromeDriver
Command: [f1c4a572b9d49fc0c53e4b58339abf03, sendKeysToElement {value=[Ljava.lang.CharSequence;@55ced817, id=f.A7E1514F801BEA131FFFF5C682F53FB2.d.74957D819AF3841EC9C40A80BFD3BB3D.e.36}]
Capabilities {acceptInsecureCerts: false, browserName: chrome, browserVersion: 144.0.7559.97, chrome: {chromedriverVersion: 144.0.7559.96 (d7b80622cfab..., userDataDir: /var/folders/qc/fzrd746j28g...}, fedcm:accounts: true, goog:chromeOptions: {debuggerAddress: localhost:50358}, goog:processID: 5105, networkConnectionEnabled: false, pageLoadStrategy: normal, platformName: mac, proxy: Proxy(), se:cdp: ws://localhost:50358/devtoo..., se:cdpVersion: 144.0.7559.97, setWindowRect: true, strictFileInteractability: false, timeouts: {implicit: 0, pageLoad: 300000, script: 30000}, unhandledPromptBehavior: dismiss and notify, webauthn:extension:credBlob: true, webauthn:extension:largeBlob: true, webauthn:extension:minPinLength: true, webauthn:extension:prf: true, webauthn:virtualAuthenticators: true}
Element: [[ChromeDriver: chrome on mac (f1c4a572b9d49fc0c53e4b58339abf03)] -> xpath: //input[@data-test='firstName']]
Session ID: f1c4a572b9d49fc0c53e4b58339abf03
	at org.openqa.selenium.remote.ErrorCodec.decode(ErrorCodec.java:169)
	at org.openqa.selenium.remote.codec.w3c.W3CHttpResponseCodec.decode(W3CHttpResponseCodec.java:142)
	at org.openqa.selenium.remote.codec.w3c.W3CHttpResponseCodec.decode(W3CHttpResponseCodec.java:49)
	at org.openqa.selenium.remote.HttpCommandExecutor.execute(HttpCommandExecutor.java:223)
	at org.openqa.selenium.remote.service.DriverCommandExecutor.invokeExecute(DriverCommandExecutor.java:216)
	at org.openqa.selenium.remote.service.DriverCommandExecutor.execute(DriverCommandExecutor.java:174)
	at org.openqa.selenium.remote.RemoteWebDriver.execute(RemoteWebDriver.java:601)
	at org.openqa.selenium.remote.RemoteWebElement.execute(RemoteWebElement.java:223)
	at org.openqa.selenium.remote.RemoteWebElement.sendKeys(RemoteWebElement.java:110)
	at pages.BillingInfoPage.enterFirstName(BillingInfoPage.java:23)
	at tests.CheckoutTest.checkoutWithoutPostalCode(CheckoutTest.java:133)
]]></error>
  </testcase>
</testsuite>