<?xml version="1.0" encoding="UTF-8"?>
<testsuite xmlns:xsi="http://www.w3.org/2001/XMLSchema-instance" xsi:noNamespaceSchemaLocation="https://maven.apache.org/surefire/maven-surefire-plugin/xsd/surefire-test-report.xsd" version="3.0.2" name="tests.DashboardTest" time="6.501" tests="3" errors="0" skipped="0" failures="0">
  <properties>
[...]
</properties>
  <testcase name="checkVisibilityOfItems" classname="tests.DashboardTest" time="2.192"/>
  <testcase name="checkCartIconClickable" classname="tests.DashboardTest" time="2.044"/>
  <testcase name="checkVisibilityOfCartIcon" classname="tests.DashboardTest" time="2.264"/>
</testsuite>