<?xml version="1.0" encoding="UTF-8"?>
<testsuite xmlns:xsi="http://www.w3.org/2001/XMLSchema-instance" xsi:noNamespaceSchemaLocation="https://maven.apache.org/surefire/maven-surefire-plugin/xsd/surefire-test-report.xsd" version="3.0.2" name="tests.CheckoutTest" time="8.482" tests="5" errors="3" skipped="0" failures="0">
  <properties>
    <property name="java.specification.version" value="25"/>
    <property name="sun.jnu.encoding" value="UTF-8"/>
    <property name="java.class.path" value="/Users/umeshperera/Downloads/SauseDemoAutomation/target/test-classes:/Users/umeshperera/Downloads/SauseDemoAutomation/target/classes:/Users/umeshperera/.m2/repository/org/seleniumhq/selenium/selenium-java/4.40.0/selenium-java-4.40.0.jar:/Users/umeshperera/.m2/repository/org/seleniumhq/selenium/selenium-api/4.40.0/selenium-api-4.40.0.jar:/Users/umeshperera/.m2/repository/org/jspecify/jspecify/1.0.0/jspecify-1.0.0.jar:/Users/umeshperera/.m2/repository/org/seleniumhq/selenium/selenium-chrome-driver/4.40.0/selenium-chrome-driver-4.40.0.jar:/Users/umeshperera/.m2/repository/com/google/auto/service/auto-service-annotations/1.1.1/auto-service-annotations-1.1.1.jar:/Users/umeshperera/.m2/repository/org/seleniumhq/selenium/selenium-chromium-driver/4.40.0/selenium-chromium-driver-4.40.0.jar:/Users/umeshperera/.m2/repository/org/seleniumhq/selenium/selenium-json/4.40.0/selenium-json-4.40.0.jar:/Users/umeshperera/.m2/repository/org/seleniumhq/selenium/selenium-manager/4.40.0/selenium-manager-4.40.0.jar:/Users/umeshperera/.m2/repository/org/seleniumhq/selenium/selenium-devtools-v142/4.40.0/selenium-devtools-v142-4.40.0.jar:/Users/umeshperera/.m2/repository/org/seleniumhq/selenium/selenium-devtools-v143/4.40.0/selenium-devtools-v143-4.40.0.jar:/Users/umeshperera/.m2/repository/org/seleniumhq/selenium/selenium-devtools-v144/4.40.0/selenium-devtools-v144-4.40.0.jar:/Users/umeshperera/.m2/repository/org/seleniumhq/selenium/selenium-edge-driver/4.40.0/selenium-edge-driver-4.40.0.jar:/Users/umeshperera/.m2/repository/org/seleniumhq/selenium/selenium-firefox-driver/4.40.0/selenium-firefox-driver-4.40.0.jar:/Users/umeshperera/.m2/repository/org/seleniumhq/selenium/selenium-http/4.40.0/selenium-http-4.40.0.jar:/Users/umeshperera/.m2/repository/org/seleniumhq/selenium/selenium-ie-driver/4.40.0/selenium-ie-driver-4.40.0.jar:/Users/umeshperera/.m2/repository/org/seleniumhq/selenium/selenium-remote-driver/4.40.0/selenium-remote-driver-4.40.0.jar:/Users/umeshperera/.m2/repository/com/google/guava/guava/33.5.0-jre/guava-33.5.0-jre.jar:/Users/umeshperera/.m2/repository/com/google/guava/failureaccess/1.0.3/failureaccess-1.0.3.jar:/Users/umeshperera/.m2/repository/com/google/guava/listenablefuture/9999.0-empty-to-avoid-conflict-with-guava/listenablefuture-9999.0-empty-to-avoid-conflict-with-guava.jar:/Users/umeshperera/.m2/repository/com/google/errorprone/error_prone_annotations/2.41.0/error_prone_annotations-2.41.0.jar:/Users/umeshperera/.m2/repository/com/google/j2objc/j2objc-annotations/3.1/j2objc-annotations-3.1.jar:/Users/umeshperera/.m2/repository/io/opentelemetry/opentelemetry-api/1.58.0/opentelemetry-api-1.58.0.jar:/Users/umeshperera/.m2/repository/io/opentelemetry/opentelemetry-context/1.58.0/opentelemetry-context-1.58.0.jar:/Users/umeshperera/.m2/repository/io/opentelemetry/opentelemetry-common/1.58.0/opentelemetry-common-1.58.0.jar:/Users/umeshperera/.m2/repository/io/opentelemetry/opentelemetry-exporter-logging/1.58.0/opentelemetry-exporter-logging-1.58.0.jar:/Users/umeshperera/.m2/repository/io/opentelemetry/opentelemetry-sdk-common/1.58.0/opentelemetry-sdk-common-1.58.0.jar:/Users/umeshperera/.m2/repository/io/opentelemetry/opentelemetry-sdk-extension-autoconfigure-spi/1.58.0/opentelemetry-sdk-extension-autoconfigure-spi-1.58.0.jar:/Users/umeshperera/.m2/repository/io/opentelemetry/opentelemetry-sdk-extension-autoconfigure/1.58.0/opentelemetry-sdk-extension-autoconfigure-1.58.0.jar:/Users/umeshperera/.m2/repository/io/opentelemetry/opentelemetry-sdk-trace/1.58.0/opentelemetry-sdk-trace-1.58.0.jar:/Users/umeshperera/.m2/repository/io/opentelemetry/opentelemetry-sdk/1.58.0/opentelemetry-sdk-1.58.0.jar:/Users/umeshperera/.m2/repository/io/opentelemetry/opentelemetry-sdk-metrics/1.58.0/opentelemetry-sdk-metrics-1.58.0.jar:/Users/umeshperera/.m2/repository/io/opentelemetry/opentelemetry-sdk-logs/1.58.0/opentelemetry-sdk-logs-1.58.0.jar:/Users/umeshperera/.m2/repository/net/bytebuddy/byte-buddy/1.18.4/byte-buddy-1.18.4.jar:/Users/umeshperera/.m2/repository/org/seleniumhq/selenium/selenium-os/4.40.0/selenium-os-4.40.0.jar:/Users/umeshperera/.m2/repository/org/seleniumhq/selenium/selenium-safari-driver/4.40.0/selenium-safari-driver-4.40.0.jar:/Users/umeshperera/.m2/repository/org/seleniumhq/selenium/selenium-support/4.40.0/selenium-support-4.40.0.jar:/Users/umeshperera/.m2/repository/org/junit/jupiter/junit-jupiter/6.0.2/junit-jupiter-6.0.2.jar:/Users/umeshperera/.m2/repository/org/junit/jupiter/junit-jupiter-api/6.0.2/junit-jupiter-api-6.0.2.jar:/Users/umeshperera/.m2/repository/org/opentest4j/opentest4j/1.3.0/opentest4j-1.3.0.jar:/Users/umeshperera/.m2/repository/org/junit/platform/junit-platform-commons/6.0.2/junit-platform-commons-6.0.2.jar:/Users/umeshperera/.m2/repository/org/apiguardian/apiguardian-api/1.1.2/apiguardian-api-1.1.2.jar:/Users/umeshperera/.m2/repository/org/junit/jupiter/junit-jupiter-params/6.0.2/junit-jupiter-params-6.0.2.jar:/Users/umeshperera/.m2/repository/org/junit/jupiter/junit-jupiter-engine/6.0.2/junit-jupiter-engine-6.0.2.jar:/Users/umeshperera/.m2/repository/org/junit/platform/junit-platform-engine/6.0.2/junit-platform-engine-6.0.2.jar:/Users/umeshperera/.m2/repository/net/datafaker/datafaker/2.5.3/datafaker-2.5.3.jar:/Users/umeshperera/.m2/repository/org/yaml/snakeyaml/2.5/snakeyaml-2.5.jar:/Users/umeshperera/.m2/repository/com/github/curious-odd-man/rgxgen/3.1/rgxgen-3.1.jar:/Users/umeshperera/.m2/repository/com/googlecode/libphonenumber/libphonenumber/9.0.17/libphonenumber-9.0.17.jar:"/>
    <property name="java.vm.vendor" value="Oracle Corporation"/>
    <property name="sun.arch.data.model" value="64"/>
    <property name="java.vendor.url" value="https://java.oracle.com/"/>
    <property name="user.timezone" value="Asia/Colombo"/>
    <property name="os.name" value="Mac OS X"/>
    <property name="java.vm.specification.version" value="25"/>
    <property name="user.country" value="LK"/>
    <property name="sun.java.launcher" value="SUN_STANDARD"/>
    <property name="sun.boot.library.path" value="/Library/Java/JavaVirtualMachines/jdk-25.jdk/Contents/Home/lib"/>
    <property name="sun.java.command" value="/Users/umeshperera/Downloads/SauseDemoAutomation/target/surefire/surefirebooter-20260127202351874_3.jar /Users/umeshperera/Downloads/SauseDemoAutomation/target/surefire 2026-01-27T20-23-51_837-jvmRun1 surefire-20260127202351874_1tmp surefire_0-20260127202351874_2tmp"/>
    <property name="http.nonProxyHosts" value="local|*.local|169.254/16|*.169.254/16"/>
    <property name="jdk.debug" value="release"/>
    <property name="surefire.test.class.path" value="/Users/umeshperera/Downloads/SauseDemoAutomation/target/test-classes:/Users/umeshperera/Downloads/SauseDemoAutomation/target/classes:/Users/umeshperera/.m2/repository/org/seleniumhq/selenium/selenium-java/4.40.0/selenium-java-4.40.0.jar:/Users/umeshperera/.m2/repository/org/seleniumhq/selenium/selenium-api/4.40.0/selenium-api-4.40.0.jar:/Users/umeshperera/.m2/repository/org/jspecify/jspecify/1.0.0/jspecify-1.0.0.jar:/Users/umeshperera/.m2/repository/org/seleniumhq/selenium/selenium-chrome-driver/4.40.0/selenium-chrome-driver-4.40.0.jar:/Users/umeshperera/.m2/repository/com/google/auto/service/auto-service-annotations/1.1.1/auto-service-annotations-1.1.1.jar:/Users/umeshperera/.m2/repository/org/seleniumhq/selenium/selenium-chromium-driver/4.40.0/selenium-chromium-driver-4.40.0.jar:/Users/umeshperera/.m2/repository/org/seleniumhq/selenium/selenium-json/4.40.0/selenium-json-4.40.0.jar:/Users/umeshperera/.m2/repository/org/seleniumhq/selenium/selenium-manager/4.40.0/selenium-manager-4.40.0.jar:/Users/umeshperera/.m2/repository/org/seleniumhq/selenium/selenium-devtools-v142/4.40.0/selenium-devtools-v142-4.40.0.jar:/Users/umeshperera/.m2/repository/org/seleniumhq/selenium/selenium-devtools-v143/4.40.0/selenium-devtools-v143-4.40.0.jar:/Users/umeshperera/.m2/repository/org/seleniumhq/selenium/selenium-devtools-v144/4.40.0/selenium-devtools-v144-4.40.0.jar:/Users/umeshperera/.m2/repository/org/seleniumhq/selenium/selenium-edge-driver/4.40.0/selenium-edge-driver-4.40.0.jar:/Users/umeshperera/.m2/repository/org/seleniumhq/selenium/selenium-firefox-driver/4.40.0/selenium-firefox-driver-4.40.0.jar:/Users/umeshperera/.m2/repository/org/seleniumhq/selenium/selenium-http/4.40.0/selenium-http-4.40.0.jar:/Users/umeshperera/.m2/repository/org/seleniumhq/selenium/selenium-ie-driver/4.40.0/selenium-ie-driver-4.40.0.jar:/Users/umeshperera/.m2/repository/org/seleniumhq/selenium/selenium-remote-driver/4.40.0/selenium-remote-driver-4.40.0.jar:/Users/umeshperera/.m2/repository/com/google/guava/guava/33.5.0-jre/guava-33.5.0-jre.jar:/Users/umeshperera/.m2/repository/com/google/guava/failureaccess/1.0.3/failureaccess-1.0.3.jar:/Users/umeshperera/.m2/repository/com/google/guava/listenablefuture/9999.0-empty-to-avoid-conflict-with-guava/listenablefuture-9999.0-empty-to-avoid-conflict-with-guava.jar:/Users/umeshperera/.m2/repository/com/google/errorprone/error_prone_annotations/2.41.0/error_prone_annotations-2.41.0.jar:/Users/umeshperera/.m2/repository/com/google/j2objc/j2objc-annotations/3.1/j2objc-annotations-3.1.jar:/Users/umeshperera/.m2/repository/io/opentelemetry/opentelemetry-api/1.58.0/opentelemetry-api-1.58.0.jar:/Users/umeshperera/.m2/repository/io/opentelemetry/opentelemetry-context/1.58.0/opentelemetry-context-1.58.0.jar:/Users/umeshperera/.m2/repository/io/opentelemetry/opentelemetry-common/1.58.0/opentelemetry-common-1.58.0.jar:/Users/umeshperera/.m2/repository/io/opentelemetry/opentelemetry-exporter-logging/1.58.0/opentelemetry-exporter-logging-1.58.0.jar:/Users/umeshperera/.m2/repository/io/opentelemetry/opentelemetry-sdk-common/1.58.0/opentelemetry-sdk-common-1.58.0.jar:/Users/umeshperera/.m2/repository/io/opentelemetry/opentelemetry-sdk-extension-autoconfigure-spi/1.58.0/opentelemetry-sdk-extension-autoconfigure-spi-1.58.0.jar:/Users/umeshperera/.m2/repository/io/opentelemetry/opentelemetry-sdk-extension-autoconfigure/1.58.0/opentelemetry-sdk-extension-autoconfigure-1.58.0.jar:/Users/umeshperera/.m2/repository/io/opentelemetry/opentelemetry-sdk-trace/1.58.0/opentelemetry-sdk-trace-1.58.0.jar:/Users/umeshperera/.m2/repository/io/opentelemetry/opentelemetry-sdk/1.58.0/opentelemetry-sdk-1.58.0.jar:/Users/umeshperera/.m2/repository/io/opentelemetry/opentelemetry-sdk-metrics/1.58.0/opentelemetry-sdk-metrics-1.58.0.jar:/Users/umeshperera/.m2/repository/io/opentelemetry/opentelemetry-sdk-logs/1.58.0/opentelemetry-sdk-logs-1.58.0.jar:/Users/umeshperera/.m2/repository/net/bytebuddy/byte-buddy/1.18.4/byte-buddy-1.18.4.jar:/Users/umeshperera/.m2/repository/org/seleniumhq/selenium/selenium-os/4.40.0/selenium-os-4.40.0.jar:/Users/umeshperera/.m2/repository/org/seleniumhq/selenium/selenium-safari-driver/4.40.0/selenium-safari-driver-4.40.0.jar:/Users/umeshperera/.m2/repository/org/seleniumhq/selenium/selenium-support/4.40.0/selenium-support-4.40.0.jar:/Users/umeshperera/.m2/repository/org/junit/jupiter/junit-jupiter/6.0.2/junit-jupiter-6.0.2.jar:/Users/umeshperera/.m2/repository/org/junit/jupiter/junit-jupiter-api/6.0.2/junit-jupiter-api-6.0.2.jar:/Users/umeshperera/.m2/repository/org/opentest4j/opentest4j/1.3.0/opentest4j-1.3.0.jar:/Users/umeshperera/.m2/repository/org/junit/platform/junit-platform-commons/6.0.2/junit-platform-commons-6.0.2.jar:/Users/umeshperera/.m2/repository/org/apiguardian/apiguardian-api/1.1.2/apiguardian-api-1.1.2.jar:/Users/umeshperera/.m2/repository/org/junit/jupiter/junit-jupiter-params/6.0.2/junit-jupiter-params-6.0.2.jar:/Users/umeshperera/.m2/repository/org/junit/jupiter/junit-jupiter-engine/6.0.2/junit-jupiter-engine-6.0.2.jar:/Users/umeshperera/.m2/repository/org/junit/platform/junit-platform-engine/6.0.2/junit-platform-engine-6.0.2.jar:/Users/umeshperera/.m2/repository/net/datafaker/datafaker/2.5.3/datafaker-2.5.3.jar:/Users/umeshperera/.m2/repository/org/yaml/snakeyaml/2.5/snakeyaml-2.5.jar:/Users/umeshperera/.m2/repository/com/github/curious-odd-man/rgxgen/3.1/rgxgen-3.1.jar:/Users/umeshperera/.m2/repository/com/googlecode/libphonenumber/libphonenumber/9.0.17/libphonenumber-9.0.17.jar:"/>
    <property name="sun.cpu.endian" value="little"/>
    <property name="user.home" value="/Users/umeshperera"/>
    <property name="user.language" value="en"/>
    <property name="java.specification.vendor" value="Oracle Corporation"/>
    <property name="java.version.date" value="2025-10-21"/>
    <property name="java.home" value="/Library/Java/JavaVirtualMachines/jdk-25.jdk/Contents/Home"/>
    <property name="file.separator" value="/"/>
    <property name="basedir" value="/Users/umeshperera/Downloads/SauseDemoAutomation"/>
    <property name="style.color" value="always"/>
    <property name="java.vm.compressedOopsMode" value="Zero based"/>
    <property name="line.separator" value="&#10;"/>
    <property name="java.vm.specification.vendor" value="Oracle Corporation"/>
    <property name="java.specification.name" value="Java Platform API Specification"/>
    <property name="apple.awt.application.name" value="ForkedBooter"/>
    <property name="surefire.real.class.path" value="/Users/umeshperera/Downloads/SauseDemoAutomation/target/surefire/surefirebooter-20260127202351874_3.jar"/>
    <property name="sun.management.compiler" value="HotSpot 64-Bit Tiered Compilers"/>
    <property name="ftp.nonProxyHosts" value="local|*.local|169.254/16|*.169.254/16"/>
    <property name="java.runtime.version" value="25.0.1+8-LTS-27"/>
    <property name="user.name" value="umeshperera"/>
    <property name="stdout.encoding" value="UTF-8"/>
    <property name="path.separator" value=":"/>
    <property name="os.version" value="26.2"/>
    <property name="java.runtime.name" value="Java(TM) SE Runtime Environment"/>
    <property name="file.encoding" value="UTF-8"/>
    <property name="java.vm.name" value="Java HotSpot(TM) 64-Bit Server VM"/>
    <property name="maven.ext.class.path" value="/Applications/IntelliJ IDEA.app/Contents/plugins/maven/lib/maven-event-listener.jar"/>
    <property name="localRepository" value="/Users/umeshperera/.m2/repository"/>
    <property name="java.vendor.url.bug" value="https://bugreport.java.com/bugreport/"/>
    <property name="java.io.tmpdir" value="/var/folders/qc/fzrd746j28g6c1610w9l6s500000gn/T/"/>
    <property name="idea.version" value="2025.3"/>
    <property name="java.version" value="25.0.1"/>
    <property name="user.dir" value="/Users/umeshperera/Downloads/SauseDemoAutomation"/>
    <property name="os.arch" value="aarch64"/>
    <property name="jansi.passthrough" value="true"/>
    <property name="java.vm.specification.name" value="Java Virtual Machine Specification"/>
    <property name="native.encoding" value="UTF-8"/>
    <property name="java.library.path" value="/Users/umeshperera/Library/Java/Extensions:/Library/Java/Extensions:/Network/Library/Java/Extensions:/System/Library/Java/Extensions:/usr/lib/java:."/>
    <property name="java.vm.info" value="mixed mode, sharing"/>
    <property name="stderr.encoding" value="UTF-8"/>
    <property name="java.vendor" value="Oracle Corporation"/>
    <property name="java.vm.version" value="25.0.1+8-LTS-27"/>
    <property name="stdin.encoding" value="UTF-8"/>
    <property name="sun.io.unicode.encoding" value="UnicodeBig"/>
    <property name="maven.repo.local" value="/Users/umeshperera/.m2/repository"/>
    <property name="socksNonProxyHosts" value="local|*.local|169.254/16|*.169.254/16"/>
    <property name="java.class.version" value="69.0"/>
  </properties>
  <testcase name="checkoutWithoutLastName" classname="tests.CheckoutTest" time="1.922"/>
  <testcase name="checkoutProcess" classname="tests.CheckoutTest" time="1.614">
    <error message="element not interactable&#10;  (Session info: chrome=144.0.7559.97)&#10;Build info: version: &apos;4.40.0&apos;, revision: &apos;b3333f1&apos;&#10;System info: os.name: &apos;Mac OS X&apos;, os.arch: &apos;aarch64&apos;, os.version: &apos;26.2&apos;, java.version: &apos;25.0.1&apos;&#10;Driver info: org.openqa.selenium.chrome.ChromeDriver&#10;Command: [e9900347a676cd80a93061cf79b02a96, sendKeysToElement {value=[Ljava.lang.CharSequence;@105ebdf4, id=f.E28C81EA4BABBB41B1A5897A18E485C6.d.83156CCD395696382AA42651113F670F.e.36}]&#10;Capabilities {acceptInsecureCerts: false, browserName: chrome, browserVersion: 144.0.7559.97, chrome: {chromedriverVersion: 144.0.7559.96 (d7b80622cfab..., userDataDir: /var/folders/qc/fzrd746j28g...}, fedcm:accounts: true, goog:chromeOptions: {debuggerAddress: localhost:50290}, goog:processID: 4979, networkConnectionEnabled: false, pageLoadStrategy: normal, platformName: mac, proxy: Proxy(), se:cdp: ws://localhost:50290/devtoo..., se:cdpVersion: 144.0.7559.97, setWindowRect: true, strictFileInteractability: false, timeouts: {implicit: 0, pageLoad: 300000, script: 30000}, unhandledPromptBehavior: dismiss and notify, webauthn:extension:credBlob: true, webauthn:extension:largeBlob: true, webauthn:extension:minPinLength: true, webauthn:extension:prf: true, webauthn:virtualAuthenticators: true}&#10;Element: [[ChromeDriver: chrome on mac (e9900347a676cd80a93061cf79b02a96)] -&gt; xpath: //input[@data-test=&apos;firstName&apos;]]&#10;Session ID: e9900347a676cd80a93061cf79b02a96" type="org.openqa.selenium.ElementNotInteractableException"><![CDATA[org.openqa.selenium.ElementNotInteractableException: 
element not interactable
  (Session info: chrome=144.0.7559.97)
Build info: version: '4.40.0', revision: 'b3333f1'
System info: os.name: 'Mac OS X', os.arch: 'aarch64', os.version: '26.2', java.version: '25.0.1'
Driver info: org.openqa.selenium.chrome.ChromeDriver
Command: [e9900347a676cd80a93061cf79b02a96, sendKeysToElement {value=[Ljava.lang.CharSequence;@105ebdf4, id=f.E28C81EA4BABBB41B1A5897A18E485C6.d.83156CCD395696382AA42651113F670F.e.36}]
Capabilities {acceptInsecureCerts: false, browserName: chrome, browserVersion: 144.0.7559.97, chrome: {chromedriverVersion: 144.0.7559.96 (d7b80622cfab..., userDataDir: /var/folders/qc/fzrd746j28g...}, fedcm:accounts: true, goog:chromeOptions: {debuggerAddress: localhost:50290}, goog:processID: 4979, networkConnectionEnabled: false, pageLoadStrategy: normal, platformName: mac, proxy: Proxy(), se:cdp: ws://localhost:50290/devtoo..., se:cdpVersion: 144.0.7559.97, setWindowRect: true, strictFileInteractability: false, timeouts: {implicit: 0, pageLoad: 300000, script: 30000}, unhandledPromptBehavior: dismiss and notify, webauthn:extension:credBlob: true, webauthn:extension:largeBlob: true, webauthn:extension:minPinLength: true, webauthn:extension:prf: true, webauthn:virtualAuthenticators: true}
Element: [[ChromeDriver: chrome on mac (e9900347a676cd80a93061cf79b02a96)] -> xpath: //input[@data-test='firstName']]
Session ID: e9900347a676cd80a93061cf79b02a96
	at org.openqa.selenium.remote.ErrorCodec.decode(ErrorCodec.java:169)
	at org.openqa.selenium.remote.codec.w3c.W3CHttpResponseCodec.decode(W3CHttpResponseCodec.java:142)
	at org.openqa.selenium.remote.codec.w3c.W3CHttpResponseCodec.decode(W3CHttpResponseCodec.java:49)
	at org.openqa.selenium.remote.HttpCommandExecutor.execute(HttpCommandExecutor.java:223)
	at org.openqa.selenium.remote.service.DriverCommandExecutor.invokeExecute(DriverCommandExecutor.java:216)
	at org.openqa.selenium.remote.service.DriverCommandExecutor.execute(DriverCommandExecutor.java:174)
	at org.openqa.selenium.remote.RemoteWebDriver.execute(RemoteWebDriver.java:601)
	at org.openqa.selenium.remote.RemoteWebElement.execute(RemoteWebElement.java:223)
	at org.openqa.selenium.remote.RemoteWebElement.sendKeys(RemoteWebElement.java:110)
	at pages.BillingInfoPage.enterFirstName(BillingInfoPage.java:23)
	at tests.CheckoutTest.checkoutProcess(CheckoutTest.java:160)
]]></error>
  </testcase>
  <testcase name="addProductToCart" classname="tests.CheckoutTest" time="1.661"/>
  <testcase name="checkoutWithoutFirstName" classname="tests.CheckoutTest" time="1.679">
    <error message="element not interactable&#10;  (Session info: chrome=144.0.7559.97)&#10;Build info: version: &apos;4.40.0&apos;, revision: &apos;b3333f1&apos;&#10;System info: os.name: &apos;Mac OS X&apos;, os.arch: &apos;aarch64&apos;, os.version: &apos;26.2&apos;, java.version: &apos;25.0.1&apos;&#10;Driver info: org.openqa.selenium.chrome.ChromeDriver&#10;Command: [3a78fe019f7b56aee1bc4cec495e88c3, sendKeysToElement {value=[Ljava.lang.CharSequence;@7d9f7ae9, id=f.3FC5FBCFDBB8FDE95D2CC3D2A28FD1CA.d.44BFB1429FE65E15F18867E5587C124F.e.36}]&#10;Capabilities {acceptInsecureCerts: false, browserName: chrome, browserVersion: 144.0.7559.97, chrome: {chromedriverVersion: 144.0.7559.96 (d7b80622cfab..., userDataDir: /var/folders/qc/fzrd746j28g...}, fedcm:accounts: true, goog:chromeOptions: {debuggerAddress: localhost:50337}, goog:processID: 5063, networkConnectionEnabled: false, pageLoadStrategy: normal, platformName: mac, proxy: Proxy(), se:cdp: ws://localhost:50337/devtoo..., se:cdpVersion: 144.0.7559.97, setWindowRect: true, strictFileInteractability: false, timeouts: {implicit: 0, pageLoad: 300000, script: 30000}, unhandledPromptBehavior: dismiss and notify, webauthn:extension:credBlob: true, webauthn:extension:largeBlob: true, webauthn:extension:minPinLength: true, webauthn:extension:prf: true, webauthn:virtualAuthenticators: true}&#10;Element: [[ChromeDriver: chrome on mac (3a78fe019f7b56aee1bc4cec495e88c3)] -&gt; xpath: //input[@data-test=&apos;lastName&apos;]]&#10;Session ID: 3a78fe019f7b56aee1bc4cec495e88c3" type="org.openqa.selenium.ElementNotInteractableException"><![CDATA[org.openqa.selenium.ElementNotInteractableException: 
element not interactable
  (Session info: chrome=144.0.7559.97)
Build info: version: '4.40.0', revision: 'b3333f1'
System info: os.name: 'Mac OS X', os.arch: 'aarch64', os.version: '26.2', java.version: '25.0.1'
Driver info: org.openqa.selenium.chrome.ChromeDriver
Command: [3a78fe019f7b56aee1bc4cec495e88c3, sendKeysToElement {value=[Ljava.lang.CharSequence;@7d9f7ae9, id=f.3FC5FBCFDBB8FDE95D2CC3D2A28FD1CA.d.44BFB1429FE65E15F18867E5587C124F.e.36}]
Capabilities {acceptInsecureCerts: false, browserName: chrome, browserVersion: 144.0.7559.97, chrome: {chromedriverVersion: 144.0.7559.96 (d7b80622cfab..., userDataDir: /var/folders/qc/fzrd746j28g...}, fedcm:accounts: true, goog:chromeOptions: {debuggerAddress: localhost:50337}, goog:processID: 5063, networkConnectionEnabled: false, pageLoadStrategy: normal, platformName: mac, proxy: Proxy(), se:cdp: ws://localhost:50337/devtoo..., se:cdpVersion: 144.0.7559.97, setWindowRect: true, strictFileInteractability: false, timeouts: {implicit: 0, pageLoad: 300000, script: 30000}, unhandledPromptBehavior: dismiss and notify, webauthn:extension:credBlob: true, webauthn:extension:largeBlob: true, webauthn:extension:minPinLength: true, webauthn:extension:prf: true, webauthn:virtualAuthenticators: true}
Element: [[ChromeDriver: chrome on mac (3a78fe019f7b56aee1bc4cec495e88c3)] -> xpath: //input[@data-test='lastName']]
Session ID: 3a78fe019f7b56aee1bc4cec495e88c3
	at org.openqa.selenium.remote.ErrorCodec.decode(ErrorCodec.java:169)
	at org.openqa.selenium.remote.codec.w3c.W3CHttpResponseCodec.decode(W3CHttpResponseCodec.java:142)
	at org.openqa.selenium.remote.codec.w3c.W3CHttpResponseCodec.decode(W3CHttpResponseCodec.java:49)
	at org.openqa.selenium.remote.HttpCommandExecutor.execute(HttpCommandExecutor.java:223)
	at org.openqa.selenium.remote.service.DriverCommandExecutor.invokeExecute(DriverCommandExecutor.java:216)
	at org.openqa.selenium.remote.service.DriverCommandExecutor.execute(DriverCommandExecutor.java:174)
	at org.openqa.selenium.remote.RemoteWebDriver.execute(RemoteWebDriver.java:601)
	at org.openqa.selenium.remote.RemoteWebElement.execute(RemoteWebElement.java:223)
	at org.openqa.selenium.remote.RemoteWebElement.sendKeys(RemoteWebElement.java:110)
	at pages.BillingInfoPage.enterLastName(BillingInfoPage.java:27)
	at tests.CheckoutTest.checkoutWithoutFirstName(CheckoutTest.java:77)
]]></error>
  </testcase>
  <testcase name="checkoutWithoutPostalCode" classname="tests.CheckoutTest" time="1.596">
    <error message="element not interactable&#10;  (Session info: chrome=144.0.7559.97)&#10;Build info: version: &apos;4.40.0&apos;, revision: &apos;b3333f1&apos;&#10;System info: os.name: &apos;Mac OS X&apos;, os.arch: &apos;aarch64&apos;, os.version: &apos;26.2&apos;, java.version: &apos;25.0.1&apos;&#10;Driver info: org.openqa.selenium.chrome.ChromeDriver&#10;Command: [f1c4a572b9d49fc0c53e4b58339abf03, sendKeysToElement {value=[Ljava.lang.CharSequence;@55ced817, id=f.A7E1514F801BEA131FFFF5C682F53FB2.d.74957D819AF3841EC9C40A80BFD3BB3D.e.36}]&#10;Capabilities {acceptInsecureCerts: false, browserName: chrome, browserVersion: 144.0.7559.97, chrome: {chromedriverVersion: 144.0.7559.96 (d7b80622cfab..., userDataDir: /var/folders/qc/fzrd746j28g...}, fedcm:accounts: true, goog:chromeOptions: {debuggerAddress: localhost:50358}, goog:processID: 5105, networkConnectionEnabled: false, pageLoadStrategy: normal, platformName: mac, proxy: Proxy(), se:cdp: ws://localhost:50358/devtoo..., se:cdpVersion: 144.0.7559.97, setWindowRect: true, strictFileInteractability: false, timeouts: {implicit: 0, pageLoad: 300000, script: 30000}, unhandledPromptBehavior: dismiss and notify, webauthn:extension:credBlob: true, webauthn:extension:largeBlob: true, webauthn:extension:minPinLength: true, webauthn:extension:prf: true, webauthn:virtualAuthenticators: true}&#10;Element: [[ChromeDriver: chrome on mac (f1c4a572b9d49fc0c53e4b58339abf03)] -&gt; xpath: //input[@data-test=&apos;firstName&apos;]]&#10;Session ID: f1c4a572b9d49fc0c53e4b58339abf03" type="org.openqa.selenium.ElementNotInteractableException"><![CDATA[org.openqa.selenium.ElementNotInteractableException: 
element not interactable
  (Session info: chrome=144.0.7559.97)
Build info: version: '4.40.0', revision: 'b3333f1'
System info: os.name: 'Mac OS X', os.arch: 'aarch64', os.version: '26.2', java.version: '25.0.1'
Driver info: org.openqa.selenium.chrome.ChromeDriver
Command: [f1c4a572b9d49fc0c53e4b58339abf03, sendKeysToElement {value=[Ljava.lang.CharSequence;@55ced817, id=f.A7E1514F801BEA131FFFF5C682F53FB2.d.74957D819AF3841EC9C40A80BFD3BB3D.e.36}]
Capabilities {acceptInsecureCerts: false, browserName: chrome, browserVersion: 144.0.7559.97, chrome: {chromedriverVersion: 144.0.7559.96 (d7b80622cfab..., userDataDir: /var/folders/qc/fzrd746j28g...}, fedcm:accounts: true, goog:chromeOptions: {debuggerAddress: localhost:50358}, goog:processID: 5105, networkConnectionEnabled: false, pageLoadStrategy: normal, platformName: mac, proxy: Proxy(), se:cdp: ws://localhost:50358/devtoo..., se:cdpVersion: 144.0.7559.97, setWindowRect: true, strictFileInteractability: false, timeouts: {implicit: 0, pageLoad: 300000, script: 30000}, unhandledPromptBehavior: dismiss and notify, webauthn:extension:credBlob: true, webauthn:extension:largeBlob: true, webauthn:extension:minPinLength: true, webauthn:extension:prf: true, webauthn:virtualAuthenticators: true}
Element: [[ChromeDriver: chrome on mac (f1c4a572b9d49fc0c53e4b58339abf03)] -> xpath: //input[@data-test='firstName']]
Session ID: f1c4a572b9d49fc0c53e4b58339abf03
	at org.openqa.selenium.remote.ErrorCodec.decode(ErrorCodec.java:169)
	at org.openqa.selenium.remote.codec.w3c.W3CHttpResponseCodec.decode(W3CHttpResponseCodec.java:142)
	at org.openqa.selenium.remote.codec.w3c.W3CHttpResponseCodec.decode(W3CHttpResponseCodec.java:49)
	at org.openqa.selenium.remote.HttpCommandExecutor.execute(HttpCommandExecutor.java:223)
	at org.openqa.selenium.remote.service.DriverCommandExecutor.invokeExecute(DriverCommandExecutor.java:216)
	at org.openqa.selenium.remote.service.DriverCommandExecutor.execute(DriverCommandExecutor.java:174)
	at org.openqa.selenium.remote.RemoteWebDriver.execute(RemoteWebDriver.java:601)
	at org.openqa.selenium.remote.RemoteWebElement.execute(RemoteWebElement.java:223)
	at org.openqa.selenium.remote.RemoteWebElement.sendKeys(RemoteWebElement.java:110)
	at pages.BillingInfoPage.enterFirstName(BillingInfoPage.java:23)
	at tests.CheckoutTest.checkoutWithoutPostalCode(CheckoutTest.java:133)
]]></error>
  </testcase>
</testsuite>